<?xml version="1.0" encoding="UTF-8" ?>
<testsuites>
  <testsuite errors="1" failures="0" hostname="Dean" id="0" name="Filter" package="org.junit.runner.manipulation" tests="1" time="0.016" timestamp="2014-02-25T09:37:59">
      <properties />

      <testcase classname="org.junit.runner.manipulation.Filter" name="initializationError" time="0.016">
          <error message="No tests found matching grails test target pattern filter from org.junit.runner.Request$1@7e2267cd" type="java.lang.Exception">java.lang.Exception: No tests found matching grails test target pattern filter from org.junit.runner.Request$1@7e2267cd
</error>

      </testcase>

      <system-out><![CDATA[--Output from initializationError--
]]></system-out>

      <system-err><![CDATA[--Output from initializationError--
]]></system-err>

  </testsuite>
</testsuites>
